#
# A fatal error has been detected by the Java Runtime Environment:
#
#  Internal Error (0xc000000d), pid=7140, tid=0x0000000000001ba4
#
# JRE version: Java(TM) SE Runtime Environment (8.0_131-b11) (build 1.8.0_131-b11)
# Java VM: Java HotSpot(TM) 64-Bit Server VM (25.131-b11 mixed mode windows-amd64 compressed oops)
# Problematic frame:
# C  [ntdll.dll+0x108b00]
#
# Failed to write core dump. Minidumps are not enabled by default on client versions of Windows
#
# If you would like to submit a bug report, please visit:
#   http://bugreport.java.com/bugreport/crash.jsp
#

---------------  T H R E A D  ---------------

Current thread (0x0000000017387800):  VMThread [stack: 0x0000000018460000,0x0000000018560000] [id=7076]

siginfo: ExceptionCode=0xc000000d

Registers:
RAX=0x0000000059174e7e, RBX=0xfffffffffffffffe, RCX=0x000000001855e970, RDX=0x00000000591420da
RSP=0x000000001855eac0, RBP=0x00007ffc932771bc, RSI=0x0000000000000000, RDI=0x00000000000005a8
R8 =0x00000000591420da, R9 =0x000000000000004b, R10=0x000000005915d79a, R11=0x0000000017388330
R12=0x00000000009e8d80, R13=0x00000000009ae0b0, R14=0x00000000009e8e88, R15=0x000000001855ec38
RIP=0x00007ffcc10b8b00, EFLAGS=0x0000000000000202

Top of Stack: (sp=0x000000001855eac0)
0x000000001855eac0:   0000000000000057 fffffffffffffffe
0x000000001855ead0:   0000000000000000 00000000000005a8
0x000000001855eae0:   00000000c000000d 0000000000000000
0x000000001855eaf0:   00007ffcc10b8b00 0000000000000000
0x000000001855eb00:   0000000000000000 0000000000000000
0x000000001855eb10:   0000000000000000 0000000000000000
0x000000001855eb20:   0000000000000000 0000000000000000
0x000000001855eb30:   0000000000000000 0000000000000000
0x000000001855eb40:   0000000000000000 0000000000000000
0x000000001855eb50:   0000000000000000 0000000000000000
0x000000001855eb60:   0000000000000000 0000000000000000
0x000000001855eb70:   0000000000000000 0000000000000000
0x000000001855eb80:   0000ee8115f8983e 0000000000000000
0x000000001855eb90:   0000000000000000 00007ffcc10672cb
0x000000001855eba0:   0000000000000002 00007ffcc0fc265b
0x000000001855ebb0:   0000000000000040 0000000000000000 

Instructions: (pc=0x00007ffcc10b8b00)
0x00007ffcc10b8ae0:   7f f9 ff c7 44 24 20 0d 00 00 c0 b9 57 00 00 00
0x00007ffcc10b8af0:   e8 6b e5 f3 ff 90 48 8d 4c 24 20 e8 b0 c4 ef ff
0x00007ffcc10b8b00:   eb 00 48 8b 8c 24 c0 00 00 00 48 33 cc e8 ee 1a
0x00007ffcc10b8b10:   f8 ff 48 81 c4 d8 00 00 00 c3 40 55 48 83 ec 20 


Register to memory mapping:

RAX=0x0000000059174e7e is an unknown value
RBX=0xfffffffffffffffe is an unknown value
RCX=0x000000001855e970 is an unknown value
RDX=0x00000000591420da is an unknown value
RSP=0x000000001855eac0 is an unknown value
RBP=0x00007ffc932771bc is an unknown value
RSI=0x0000000000000000 is an unknown value
RDI=0x00000000000005a8 is an unknown value
R8 =0x00000000591420da is an unknown value
R9 =0x000000000000004b is an unknown value
R10=0x000000005915d79a is an unknown value
R11=0x0000000017388330 is an unknown value
R12=0x00000000009e8d80 is an unknown value
R13=0x00000000009ae0b0 is an unknown value
R14=0x00000000009e8e88 is an unknown value
R15=0x000000001855ec38 is an unknown value


Stack: [0x0000000018460000,0x0000000018560000],  sp=0x000000001855eac0,  free space=1018k
Native frames: (J=compiled Java code, j=interpreted, Vv=VM code, C=native code)
C  [ntdll.dll+0x108b00]
C  [ntdll.dll+0xb72cb]
C  [KERNEL32.DLL+0x1e36a]
C  [MSVCR120.dll+0x72e1]
C  [MSVCR120.dll+0x717a]
C  [MSVCR120.dll+0x149bf]
C  [MSVCR120.dll+0x13c06]
C  [MSVCR120.dll+0x22da]
C  [MSVCR120.dll+0xae32]
C  [MSVCP120.dll+0x3cd49]
C  [ProxyIntercept64.dll+0x44eb4]
C  [ProxyIntercept64.dll+0x45066]
C  [ProxyIntercept64.dll+0x90df8]
C  [ProxyIntercept64.dll+0x96ee4]
C  [ProxyIntercept64.dll+0x96e92]
C  [ProxyIntercept64.dll+0x9227c]
C  [ProxyIntercept64.dll+0x1e7a9]
C  [ProxyIntercept64.dll+0x1e977]
C  [ProxyIntercept64.dll+0x28806]
C  [ProxyIntercept64.dll+0x2855a]
C  [ProxyIntercept64.dll+0x18528]
C  [ProxyIntercept64.dll+0x1a317]
C  [ProxyIntercept64.dll+0x18361]
C  [ProxyIntercept64.dll+0xa4bf0]
C  [ProxyIntercept64.dll+0x9a95c]
C  [ProxyIntercept64.dll+0x9abde]
C  [ntdll.dll+0x34023]
C  [ntdll.dll+0x409d5]
C  [ntdll.dll+0x40898]
C  [KERNEL32.DLL+0x1b19a]
C  [msvcr100.dll+0x20ccd]
V  [jvm.dll+0x213235]
V  [jvm.dll+0x24c2a7]
V  [jvm.dll+0x24b546]
V  [jvm.dll+0x24b9e1]
V  [jvm.dll+0x24bbfe]
V  [jvm.dll+0x29cc1a]
C  [msvcr100.dll+0x21d9f]
C  [msvcr100.dll+0x21e3b]
C  [KERNEL32.DLL+0x13034]
C  [ntdll.dll+0x71431]

VM_Operation (0x000000000269e200): Exit, mode: safepoint, requested by thread 0x000000000274e000


---------------  P R O C E S S  ---------------

Java Threads: ( => current thread )
  0x0000000018f44000 JavaThread "DisconnectableInputStream source reader" daemon [_thread_in_native, id=5356, stack(0x000000001b3c0000,0x000000001b4c0000)]
  0x0000000018d98800 JavaThread "Service Thread" daemon [_thread_blocked, id=5284, stack(0x0000000019180000,0x0000000019280000)]
  0x00000000173d5800 JavaThread "C1 CompilerThread2" daemon [_thread_blocked, id=532, stack(0x0000000018c80000,0x0000000018d80000)]
  0x00000000173c3800 JavaThread "C2 CompilerThread1" daemon [_thread_blocked, id=3276, stack(0x0000000018b80000,0x0000000018c80000)]
  0x00000000173c1000 JavaThread "C2 CompilerThread0" daemon [_thread_blocked, id=8012, stack(0x0000000018a80000,0x0000000018b80000)]
  0x00000000173be800 JavaThread "Attach Listener" daemon [_thread_blocked, id=5352, stack(0x0000000018980000,0x0000000018a80000)]
  0x00000000173bb800 JavaThread "Signal Dispatcher" daemon [_thread_blocked, id=8592, stack(0x0000000018880000,0x0000000018980000)]
  0x00000000173aa000 JavaThread "Finalizer" daemon [_thread_blocked, id=7660, stack(0x0000000018660000,0x0000000018760000)]
  0x0000000002840000 JavaThread "Reference Handler" daemon [_thread_blocked, id=7932, stack(0x0000000018560000,0x0000000018660000)]
  0x000000000274e000 JavaThread "main" [_thread_blocked, id=452, stack(0x00000000025a0000,0x00000000026a0000)]

Other Threads:
=>0x0000000017387800 VMThread [stack: 0x0000000018460000,0x0000000018560000] [id=7076]

VM state:at safepoint (shutting down)

VM Mutex/Monitor currently owned by a thread:  ([mutex/lock_event])
[0x000000000274d080] Threads_lock - owner thread: 0x0000000017387800

Heap:
 PSYoungGen      total 38400K, used 13593K [0x00000000d5c00000, 0x00000000d8680000, 0x0000000100000000)
  eden space 33280K, 25% used [0x00000000d5c00000,0x00000000d6447418,0x00000000d7c80000)
  from space 5120K, 99% used [0x00000000d7c80000,0x00000000d817f3b0,0x00000000d8180000)
  to   space 5120K, 0% used [0x00000000d8180000,0x00000000d8180000,0x00000000d8680000)
 ParOldGen       total 87552K, used 807K [0x0000000081400000, 0x0000000086980000, 0x00000000d5c00000)
  object space 87552K, 0% used [0x0000000081400000,0x00000000814c9ed0,0x0000000086980000)
 Metaspace       used 11475K, capacity 11872K, committed 11904K, reserved 1058816K
  class space    used 1521K, capacity 1640K, committed 1664K, reserved 1048576K

Card table byte_map: [0x0000000011c10000,0x0000000012010000] byte_map_base: 0x0000000011806000

Marking Bits: (ParMarkBitMap*) 0x000000005909c720
 Begin Bits: [0x00000000126c0000, 0x0000000014670000)
 End Bits:   [0x0000000014670000, 0x0000000016620000)

Polling page: 0x0000000000900000

CodeCache: size=245760Kb used=4028Kb max_used=4041Kb free=241731Kb
 bounds [0x0000000002850000, 0x0000000002c50000, 0x0000000011850000]
 total_blobs=1541 nmethods=1180 adapters=274
 compilation: enabled

Compilation events (10 events):
Event: 52.140 Thread 0x00000000173d5800 1177       3       java.util.concurrent.locks.AbstractQueuedSynchronizer::release (33 bytes)
Event: 52.141 Thread 0x00000000173c3800 nmethod 1172 0x0000000002c412d0 code [0x0000000002c41480, 0x0000000002c41a50]
Event: 52.141 Thread 0x00000000173d5800 nmethod 1177 0x0000000002c3ed10 code [0x0000000002c3ee80, 0x0000000002c3f198]
Event: 52.141 Thread 0x00000000173d5800 1178       3       java.util.concurrent.CopyOnWriteArrayList$COWIterator::hasNext (18 bytes)
Event: 52.141 Thread 0x00000000173d5800 nmethod 1178 0x0000000002c3e950 code [0x0000000002c3eaa0, 0x0000000002c3ec50]
Event: 52.141 Thread 0x00000000173d5800 1179       3       java.util.concurrent.locks.ReentrantLock$Sync::tryRelease (45 bytes)
Event: 52.141 Thread 0x00000000173d5800 nmethod 1179 0x0000000002c3e0d0 code [0x0000000002c3e260, 0x0000000002c3e808]
Event: 52.141 Thread 0x00000000173d5800 1180       3       java.util.concurrent.locks.ReentrantLock::lock (8 bytes)
Event: 52.141 Thread 0x00000000173d5800 nmethod 1180 0x0000000002c40e90 code [0x0000000002c41000, 0x0000000002c41228]
Event: 52.147 Thread 0x00000000173c1000 nmethod 1171 0x0000000002c44190 code [0x0000000002c44300, 0x0000000002c44d58]

GC Heap History (2 events):
Event: 11.116 GC heap before
{Heap before GC invocations=1 (full 0):
 PSYoungGen      total 38400K, used 33280K [0x00000000d5c00000, 0x00000000d8680000, 0x0000000100000000)
  eden space 33280K, 100% used [0x00000000d5c00000,0x00000000d7c80000,0x00000000d7c80000)
  from space 5120K, 0% used [0x00000000d8180000,0x00000000d8180000,0x00000000d8680000)
  to   space 5120K, 0% used [0x00000000d7c80000,0x00000000d7c80000,0x00000000d8180000)
 ParOldGen       total 87552K, used 0K [0x0000000081400000, 0x0000000086980000, 0x00000000d5c00000)
  object space 87552K, 0% used [0x0000000081400000,0x0000000081400000,0x0000000086980000)
 Metaspace       used 9842K, capacity 10088K, committed 10240K, reserved 1058816K
  class space    used 1325K, capacity 1424K, committed 1536K, reserved 1048576K
Event: 11.126 GC heap after
Heap after GC invocations=1 (full 0):
 PSYoungGen      total 38400K, used 5116K [0x00000000d5c00000, 0x00000000d8680000, 0x0000000100000000)
  eden space 33280K, 0% used [0x00000000d5c00000,0x00000000d5c00000,0x00000000d7c80000)
  from space 5120K, 99% used [0x00000000d7c80000,0x00000000d817f3b0,0x00000000d8180000)
  to   space 5120K, 0% used [0x00000000d8180000,0x00000000d8180000,0x00000000d8680000)
 ParOldGen       total 87552K, used 807K [0x0000000081400000, 0x0000000086980000, 0x00000000d5c00000)
  object space 87552K, 0% used [0x0000000081400000,0x00000000814c9ed0,0x0000000086980000)
 Metaspace       used 9842K, capacity 10088K, committed 10240K, reserved 1058816K
  class space    used 1325K, capacity 1424K, committed 1536K, reserved 1048576K
}

Deoptimization events (5 events):
Event: 1.715 Thread 0x000000000274e000 Uncommon trap: reason=unstable_if action=reinterpret pc=0x00000000029c8390 method=java.lang.String.startsWith(Ljava/lang/String;I)Z @ 25
Event: 3.135 Thread 0x000000000274e000 Uncommon trap: reason=unstable_if action=reinterpret pc=0x0000000002a1cbc0 method=sun.misc.MetaIndex.mayContain(Ljava/lang/String;)Z @ 38
Event: 3.958 Thread 0x000000000274e000 Uncommon trap: reason=unstable_if action=reinterpret pc=0x0000000002ad17dc method=java.util.HashMap.hash(Ljava/lang/Object;)I @ 1
Event: 4.268 Thread 0x000000000274e000 Uncommon trap: reason=unstable_if action=reinterpret pc=0x0000000002a7bbb8 method=java.util.HashMap.getNode(ILjava/lang/Object;)Ljava/util/HashMap$Node; @ 129
Event: 18.883 Thread 0x000000000274e000 Uncommon trap: reason=unstable_if action=reinterpret pc=0x0000000002b6d0b0 method=java.util.concurrent.ConcurrentHashMap.putVal(Ljava/lang/Object;Ljava/lang/Object;Z)Ljava/lang/Object; @ 206

Internal exceptions (10 events):
Event: 18.966 Thread 0x000000000274e000 Exception <a 'java/lang/NoSuchMethodError': <clinit>> (0x00000000d60b7000) thrown at [C:\re\workspace\8-2-build-windows-amd64-cygwin\jdk8u131\8869\hotspot\src\share\vm\prims\jni.cpp, line 1613]
Event: 18.967 Thread 0x000000000274e000 Exception <a 'java/lang/NoSuchMethodError': <clinit>> (0x00000000d60bf7f0) thrown at [C:\re\workspace\8-2-build-windows-amd64-cygwin\jdk8u131\8869\hotspot\src\share\vm\prims\jni.cpp, line 1613]
Event: 18.969 Thread 0x000000000274e000 Exception <a 'java/lang/NoSuchMethodError': <clinit>> (0x00000000d60cc968) thrown at [C:\re\workspace\8-2-build-windows-amd64-cygwin\jdk8u131\8869\hotspot\src\share\vm\prims\jni.cpp, line 1613]
Event: 18.974 Thread 0x000000000274e000 Exception <a 'java/lang/NoSuchMethodError': <clinit>> (0x00000000d60e62d8) thrown at [C:\re\workspace\8-2-build-windows-amd64-cygwin\jdk8u131\8869\hotspot\src\share\vm\prims\jni.cpp, line 1613]
Event: 19.182 Thread 0x000000000274e000 Exception <a 'java/lang/NoSuchMethodError': <clinit>> (0x00000000d610d7b0) thrown at [C:\re\workspace\8-2-build-windows-amd64-cygwin\jdk8u131\8869\hotspot\src\share\vm\prims\jni.cpp, line 1613]
Event: 19.185 Thread 0x000000000274e000 Exception <a 'java/lang/NoSuchMethodError': <clinit>> (0x00000000d6117528) thrown at [C:\re\workspace\8-2-build-windows-amd64-cygwin\jdk8u131\8869\hotspot\src\share\vm\prims\jni.cpp, line 1613]
Event: 52.122 Thread 0x000000000274e000 Exception <a 'java/lang/NoSuchMethodError': <clinit>> (0x00000000d63319a0) thrown at [C:\re\workspace\8-2-build-windows-amd64-cygwin\jdk8u131\8869\hotspot\src\share\vm\prims\jni.cpp, line 1613]
Event: 52.123 Thread 0x000000000274e000 Exception <a 'java/lang/NoSuchMethodError': <clinit>> (0x00000000d6342ac8) thrown at [C:\re\workspace\8-2-build-windows-amd64-cygwin\jdk8u131\8869\hotspot\src\share\vm\prims\jni.cpp, line 1613]
Event: 52.127 Thread 0x000000000274e000 Exception <a 'java/lang/NoSuchMethodError': <clinit>> (0x00000000d6365248) thrown at [C:\re\workspace\8-2-build-windows-amd64-cygwin\jdk8u131\8869\hotspot\src\share\vm\prims\jni.cpp, line 1613]
Event: 52.131 Thread 0x000000000274e000 Exception <a 'java/lang/NoSuchMethodError': <clinit>> (0x00000000d63789e0) thrown at [C:\re\workspace\8-2-build-windows-amd64-cygwin\jdk8u131\8869\hotspot\src\share\vm\prims\jni.cpp, line 1613]

Events (10 events):
Event: 52.142 loading class java/util/IdentityHashMap$KeySet done
Event: 52.142 loading class java/util/IdentityHashMap$KeyIterator
Event: 52.142 loading class java/util/IdentityHashMap$IdentityHashMapIterator
Event: 52.148 loading class java/util/IdentityHashMap$IdentityHashMapIterator done
Event: 52.148 loading class java/util/IdentityHashMap$KeyIterator done
Event: 52.148 Thread 0x000000001a0ed800 Thread added: 0x000000001a0ed800
Event: 52.148 Thread 0x0000000018e6b000 Thread added: 0x0000000018e6b000
Event: 52.148 Thread 0x000000001a0ed800 Thread exited: 0x000000001a0ed800
Event: 52.148 Thread 0x0000000018e6b000 Thread exited: 0x0000000018e6b000
Event: 52.149 Executing VM operation: Exit


Dynamic libraries:
0x00007ff6a8600000 - 0x00007ff6a8637000 	C:\ProgramData\Oracle\Java\javapath\java.exe
0x00007ffcc0fb0000 - 0x00007ffcc1191000 	C:\WINDOWS\SYSTEM32\ntdll.dll
0x00007ffcbff00000 - 0x00007ffcbffb2000 	C:\WINDOWS\System32\KERNEL32.DLL
0x00007ffcbe0c0000 - 0x00007ffcbe333000 	C:\WINDOWS\System32\KERNELBASE.dll
0x00007ffcbe4d0000 - 0x00007ffcbe571000 	C:\WINDOWS\System32\ADVAPI32.dll
0x00007ffcbea20000 - 0x00007ffcbeabe000 	C:\WINDOWS\System32\msvcrt.dll
0x00007ffcbe470000 - 0x00007ffcbe4cb000 	C:\WINDOWS\System32\sechost.dll
0x00007ffcc0400000 - 0x00007ffcc0524000 	C:\WINDOWS\System32\RPCRT4.dll
0x00007ffcc0a90000 - 0x00007ffcc0c20000 	C:\WINDOWS\System32\USER32.dll
0x00007ffcbd8f0000 - 0x00007ffcbd910000 	C:\WINDOWS\System32\win32u.dll
0x00007ffcbe440000 - 0x00007ffcbe468000 	C:\WINDOWS\System32\GDI32.dll
0x00007ffcbd3d0000 - 0x00007ffcbd562000 	C:\WINDOWS\System32\gdi32full.dll
0x00007ffcbd910000 - 0x00007ffcbd9af000 	C:\WINDOWS\System32\msvcp_win.dll
0x00007ffcbe340000 - 0x00007ffcbe43a000 	C:\WINDOWS\System32\ucrtbase.dll
0x00007ffcaf760000 - 0x00007ffcaf9c9000 	C:\WINDOWS\WinSxS\amd64_microsoft.windows.common-controls_6595b64144ccf1df_6.0.17134.165_none_fb429645306569ac\COMCTL32.dll
0x00007ffcbe580000 - 0x00007ffcbe8a3000 	C:\WINDOWS\System32\combase.dll
0x00007ffcbd870000 - 0x00007ffcbd8ea000 	C:\WINDOWS\System32\bcryptPrimitives.dll
0x00007ffcc0d70000 - 0x00007ffcc0d9d000 	C:\WINDOWS\System32\IMM32.DLL
0x0000000059120000 - 0x00000000591f2000 	C:\Program Files\Java\jre1.8.0_131\bin\msvcr100.dll
0x0000000058880000 - 0x000000005911c000 	C:\Program Files\Java\jre1.8.0_131\bin\server\jvm.dll
0x00007ffcc0d60000 - 0x00007ffcc0d68000 	C:\WINDOWS\System32\PSAPI.DLL
0x00007ffcae1a0000 - 0x00007ffcae1a9000 	C:\WINDOWS\SYSTEM32\WSOCK32.dll
0x00007ffcc0f00000 - 0x00007ffcc0f6c000 	C:\WINDOWS\System32\WS2_32.dll
0x00007ffcb8250000 - 0x00007ffcb8273000 	C:\WINDOWS\SYSTEM32\WINMM.dll
0x00007ffcb8210000 - 0x00007ffcb821a000 	C:\WINDOWS\SYSTEM32\VERSION.dll
0x00007ffcb8220000 - 0x00007ffcb824a000 	C:\WINDOWS\SYSTEM32\winmmbase.dll
0x00007ffcbd380000 - 0x00007ffcbd3c9000 	C:\WINDOWS\System32\cfgmgr32.dll
0x0000000058870000 - 0x000000005887f000 	C:\Program Files\Java\jre1.8.0_131\bin\verify.dll
0x0000000058840000 - 0x0000000058869000 	C:\Program Files\Java\jre1.8.0_131\bin\java.dll
0x0000000058820000 - 0x0000000058836000 	C:\Program Files\Java\jre1.8.0_131\bin\zip.dll
0x00007ffcbeac0000 - 0x00007ffcbff00000 	C:\WINDOWS\System32\SHELL32.dll
0x00007ffcc0980000 - 0x00007ffcc0a29000 	C:\WINDOWS\System32\shcore.dll
0x00007ffcbd9b0000 - 0x00007ffcbe0bd000 	C:\WINDOWS\System32\windows.storage.dll
0x00007ffcc0d00000 - 0x00007ffcc0d51000 	C:\WINDOWS\System32\shlwapi.dll
0x00007ffcbd360000 - 0x00007ffcbd371000 	C:\WINDOWS\System32\kernel.appcore.dll
0x00007ffcbd2c0000 - 0x00007ffcbd2df000 	C:\WINDOWS\System32\profapi.dll
0x00007ffcbd2f0000 - 0x00007ffcbd33c000 	C:\WINDOWS\System32\powrprof.dll
0x00007ffcbd2e0000 - 0x00007ffcbd2ea000 	C:\WINDOWS\System32\FLTLIB.DLL
0x00007ffc93180000 - 0x00007ffc9326e000 	C:\Program Files\NoPing Elite v14\ProxyIntercept64.dll
0x00007ffc93270000 - 0x00007ffc9335f000 	C:\WINDOWS\SYSTEM32\MSVCR120.dll
0x00007ffc94540000 - 0x00007ffc945e6000 	C:\WINDOWS\SYSTEM32\MSVCP120.dll
0x00007ffcbc860000 - 0x00007ffcbc898000 	C:\WINDOWS\SYSTEM32\IPHLPAPI.DLL
0x00007ffcbcae0000 - 0x00007ffcbcb46000 	C:\WINDOWS\system32\mswsock.dll
0x00007ffcc0f70000 - 0x00007ffcc0f78000 	C:\WINDOWS\System32\NSI.dll
0x0000000058800000 - 0x000000005881a000 	C:\Program Files\Java\jre1.8.0_131\bin\net.dll
0x00000000587e0000 - 0x00000000587f1000 	C:\Program Files\Java\jre1.8.0_131\bin\nio.dll
0x00007ffcae180000 - 0x00007ffcae19e000 	C:\Users\Roger\.gradle\native\25\windows-amd64\native-platform.dll
0x00000000587d0000 - 0x00000000587dd000 	C:\Program Files\Java\jre1.8.0_131\bin\management.dll
0x00007ffcbcc90000 - 0x00007ffcbcca7000 	C:\WINDOWS\SYSTEM32\CRYPTSP.dll
0x00007ffcbc6c0000 - 0x00007ffcbc6f3000 	C:\WINDOWS\system32\rsaenh.dll
0x00007ffcbce20000 - 0x00007ffcbce45000 	C:\WINDOWS\SYSTEM32\bcrypt.dll
0x00007ffcbd1f0000 - 0x00007ffcbd218000 	C:\WINDOWS\SYSTEM32\USERENV.dll
0x00007ffcbccb0000 - 0x00007ffcbccbb000 	C:\WINDOWS\SYSTEM32\CRYPTBASE.dll
0x00007ffcb9a80000 - 0x00007ffcb9a96000 	C:\WINDOWS\SYSTEM32\dhcpcsvc6.DLL
0x00007ffcb9a60000 - 0x00007ffcb9a7a000 	C:\WINDOWS\SYSTEM32\dhcpcsvc.DLL
0x00007ffcadef0000 - 0x00007ffcae0b9000 	C:\WINDOWS\SYSTEM32\dbghelp.dll

VM Arguments:
jvm_args: -Dorg.gradle.appname=gradlew 
java_command: org.gradle.wrapper.GradleWrapperMain installDebug
java_class_path (initial): C:\Users\Roger\BuildBot\android\\gradle\wrapper\gradle-wrapper.jar
Launcher Type: SUN_STANDARD

Environment Variables:
CLASSPATH=C:\Users\Roger\BuildBot\android\\gradle\wrapper\gradle-wrapper.jar
PATH=C:\Users\Roger\bin;C:\Program Files\Git\mingw64\bin;C:\Program Files\Git\usr\local\bin;C:\Program Files\Git\usr\bin;C:\Program Files\Git\usr\bin;C:\Program Files\Git\mingw64\bin;C:\Program Files\Git\usr\bin;C:\Users\Roger\bin;C:\Python27;C:\Python27\Scripts;C:\ProgramData\Oracle\Java\javapath;C:\Windows\system32;C:\Windows;C:\Windows\System32\Wbem;C:\Windows\System32\WindowsPowerShell\v1.0;C:\Program Files (x86)\NVIDIA Corporation\PhysX\Common;C:\Program Files\Java\jdk1.8.0_131\bin;C:\Users\Roger\AppData\Local\Programs\Python\Python36-32;C:\WINDOWS\system32;C:\WINDOWS;C:\WINDOWS\System32\Wbem;C:\WINDOWS\System32\WindowsPowerShell\v1.0;C:\WINDOWS\System32\OpenSSH;C:\ProgramData\chocolatey\bin;C:\Program Files\nodejs;C:\Users\Roger\AppData\Local\Microsoft\WindowsApps;C:\Users\Roger\AppData\Roaming\npm;C:\Program Files\Git\usr\bin\vendor_perl;C:\Program Files\Git\usr\bin\core_perl
USERNAME=Roger
SHELL=C:\Program Files\Git\usr\bin\bash.exe
DISPLAY=needs-to-be-defined
OS=Windows_NT
PROCESSOR_IDENTIFIER=Intel64 Family 6 Model 42 Stepping 7, GenuineIntel



---------------  S Y S T E M  ---------------

OS: Windows 10.0 , 64 bit Build 17134 (10.0.17134.1)

CPU:total 4 (initial active 4) (2 cores per cpu, 2 threads per core) family 6 model 42 stepping 7, cmov, cx8, fxsr, mmx, sse, sse2, sse3, ssse3, sse4.1, sse4.2, popcnt, avx, clmul, ht, tsc, tscinvbit

Memory: 4k page, physical 8303732k(4039660k free), swap 9614452k(2917436k free)

vm_info: Java HotSpot(TM) 64-Bit Server VM (25.131-b11) for windows-amd64 JRE (1.8.0_131-b11), built on Mar 15 2017 01:23:53 by "java_re" with MS VC++ 10.0 (VS2010)

time: Mon Oct 15 08:41:27 2018
elapsed time: 52 seconds (0d 0h 0m 52s)

